<?xml version="1.0" encoding="UTF-8"?>
<coverage generated="1589886305041" clover="3.2.0">
  <project timestamp="1589886305041" name="All files">
    <metrics statements="81" coveredstatements="52" conditionals="21" coveredconditionals="8" methods="30" coveredmethods="23" elements="132" coveredelements="83" complexity="0" loc="81" ncloc="81" packages="1" files="2" classes="2"/>
    <file name="helpers.js" path="C:\wamp\www\js\hill-chart\src\helpers.js">
      <metrics statements="9" coveredstatements="9" conditionals="4" coveredconditionals="4" methods="5" coveredmethods="5"/>
      <line num="4" count="2" type="stmt"/>
      <line num="5" count="4028" type="stmt"/>
      <line num="10" count="2" type="stmt"/>
      <line num="11" count="4" type="stmt"/>
      <line num="14" count="29" type="cond" truecount="2" falsecount="0"/>
      <line num="16" count="2" type="stmt"/>
      <line num="17" count="14" type="stmt"/>
      <line num="18" count="14" type="cond" truecount="2" falsecount="0"/>
      <line num="21" count="4" type="stmt"/>
    </file>
    <file name="index.js" path="C:\wamp\www\js\hill-chart\src\index.js">
      <metrics statements="72" coveredstatements="43" conditionals="17" coveredconditionals="4" methods="25" coveredmethods="18"/>
      <line num="20" count="1" type="stmt"/>
      <line num="35" count="7" type="stmt"/>
      <line num="37" count="7" type="stmt"/>
      <line num="38" count="7" type="stmt"/>
      <line num="42" count="7" type="stmt"/>
      <line num="45" count="7" type="stmt"/>
      <line num="46" count="7" type="stmt"/>
      <line num="49" count="7" type="stmt"/>
      <line num="58" count="7" type="stmt"/>
      <line num="59" count="7" type="stmt"/>
      <line num="62" count="7" type="stmt"/>
      <line num="66" count="7" type="stmt"/>
      <line num="67" count="21" type="stmt"/>
      <line num="80" count="4" type="stmt"/>
      <line num="83" count="4" type="stmt"/>
      <line num="86" count="4" type="stmt"/>
      <line num="89" count="4" type="stmt"/>
      <line num="91" count="4" type="stmt"/>
      <line num="94" count="4" type="stmt"/>
      <line num="95" count="0" type="stmt"/>
      <line num="98" count="0" type="cond" truecount="0" falsecount="2"/>
      <line num="99" count="0" type="stmt"/>
      <line num="100" count="0" type="stmt"/>
      <line num="101" count="0" type="cond" truecount="0" falsecount="2"/>
      <line num="102" count="0" type="stmt"/>
      <line num="103" count="0" type="stmt"/>
      <line num="106" count="0" type="cond" truecount="0" falsecount="2"/>
      <line num="109" count="0" type="stmt"/>
      <line num="111" count="0" type="stmt"/>
      <line num="113" count="0" type="stmt"/>
      <line num="115" count="0" type="stmt"/>
      <line num="117" count="0" type="stmt"/>
      <line num="122" count="0" type="stmt"/>
      <line num="126" count="0" type="stmt"/>
      <line num="129" count="0" type="cond" truecount="0" falsecount="2"/>
      <line num="130" count="0" type="stmt"/>
      <line num="132" count="0" type="stmt"/>
      <line num="135" count="0" type="stmt"/>
      <line num="138" count="0" type="stmt"/>
      <line num="139" count="0" type="stmt"/>
      <line num="141" count="0" type="stmt"/>
      <line num="142" count="0" type="stmt"/>
      <line num="148" count="4" type="cond" truecount="1" falsecount="1"/>
      <line num="149" count="0" type="stmt"/>
      <line num="153" count="4" type="stmt"/>
      <line num="160" count="12" type="stmt"/>
      <line num="161" count="12" type="stmt"/>
      <line num="162" count="12" type="stmt"/>
      <line num="167" count="4" type="stmt"/>
      <line num="170" count="12" type="stmt"/>
      <line num="173" count="12" type="stmt"/>
      <line num="175" count="4" type="stmt"/>
      <line num="177" count="12" type="stmt"/>
      <line num="179" count="12" type="stmt"/>
      <line num="182" count="12" type="cond" truecount="2" falsecount="0"/>
      <line num="183" count="4" type="stmt"/>
      <line num="185" count="8" type="stmt"/>
      <line num="191" count="0" type="stmt"/>
      <line num="196" count="0" type="cond" truecount="0" falsecount="2"/>
      <line num="201" count="0" type="stmt"/>
      <line num="202" count="0" type="stmt"/>
      <line num="203" count="0" type="stmt"/>
      <line num="209" count="4000" type="stmt"/>
      <line num="215" count="4" type="stmt"/>
      <line num="216" count="4000" type="stmt"/>
      <line num="217" count="4000" type="stmt"/>
      <line num="220" count="4" type="stmt"/>
      <line num="229" count="4" type="stmt"/>
      <line num="232" count="4" type="stmt"/>
      <line num="240" count="4" type="stmt"/>
      <line num="250" count="4" type="stmt"/>
      <line num="257" count="4" type="stmt"/>
    </file>
  </project>
</coverage>
