{"C:\\wamp\\www\\js\\hill-chart\\src\\helpers.js": {"path":"C:\\wamp\\www\\js\\hill-chart\\src\\helpers.js","statementMap":{"0":{"start":{"line":4,"column":22},"end":{"line":5,"column":64}},"1":{"start":{"line":5,"column":2},"end":{"line":5,"column":64}},"2":{"start":{"line":10,"column":29},"end":{"line":11,"column":63}},"3":{"start":{"line":11,"column":2},"end":{"line":11,"column":63}},"4":{"start":{"line":14,"column":28},"end":{"line":14,"column":54}},"5":{"start":{"line":14,"column":35},"end":{"line":14,"column":54}},"6":{"start":{"line":16,"column":41},"end":{"line":19,"column":1}},"7":{"start":{"line":17,"column":17},"end":{"line":17,"column":25}},"8":{"start":{"line":18,"column":2},"end":{"line":18,"column":48}},"9":{"start":{"line":21,"column":39},"end":{"line":21,"column":46}},"10":{"start":{"line":21,"column":45},"end":{"line":21,"column":46}}},"fnMap":{"0":{"name":"(anonymous_0)","decl":{"start":{"line":4,"column":22},"end":{"line":4,"column":23}},"loc":{"start":{"line":5,"column":2},"end":{"line":5,"column":64}},"line":5},"1":{"name":"(anonymous_1)","decl":{"start":{"line":10,"column":29},"end":{"line":10,"column":30}},"loc":{"start":{"line":11,"column":2},"end":{"line":11,"column":63}},"line":11},"2":{"name":"(anonymous_2)","decl":{"start":{"line":14,"column":28},"end":{"line":14,"column":29}},"loc":{"start":{"line":14,"column":35},"end":{"line":14,"column":54}},"line":14},"3":{"name":"(anonymous_3)","decl":{"start":{"line":16,"column":41},"end":{"line":16,"column":42}},"loc":{"start":{"line":16,"column":54},"end":{"line":19,"column":1}},"line":16},"4":{"name":"(anonymous_4)","decl":{"start":{"line":21,"column":39},"end":{"line":21,"column":40}},"loc":{"start":{"line":21,"column":45},"end":{"line":21,"column":46}},"line":21}},"branchMap":{"0":{"loc":{"start":{"line":14,"column":35},"end":{"line":14,"column":54}},"type":"binary-expr","locations":[{"start":{"line":14,"column":35},"end":{"line":14,"column":42}},{"start":{"line":14,"column":46},"end":{"line":14,"column":54}}],"line":14},"1":{"loc":{"start":{"line":18,"column":9},"end":{"line":18,"column":47}},"type":"cond-expr","locations":[{"start":{"line":18,"column":27},"end":{"line":18,"column":38}},{"start":{"line":18,"column":41},"end":{"line":18,"column":47}}],"line":18}},"s":{"0":2,"1":4028,"2":2,"3":4,"4":2,"5":29,"6":2,"7":14,"8":14,"9":2,"10":4},"f":{"0":4028,"1":4,"2":29,"3":14,"4":4},"b":{"0":[29,11],"1":[5,9]},"_coverageSchema":"1a1c01bbd47fc00a2c39e90264f33305004495a9","hash":"3ec7b6bfbdf174bd81668c8bfcb9e075a4dfb06e"}
,"C:\\wamp\\www\\js\\hill-chart\\src\\index.js": {"path":"C:\\wamp\\www\\js\\hill-chart\\src\\index.js","statementMap":{"0":{"start":{"line":20,"column":17},"end":{"line":31,"column":1}},"1":{"start":{"line":35,"column":4},"end":{"line":35,"column":12}},"2":{"start":{"line":37,"column":4},"end":{"line":37,"column":52}},"3":{"start":{"line":38,"column":4},"end":{"line":38,"column":16}},"4":{"start":{"line":42,"column":46},"end":{"line":42,"column":50}},"5":{"start":{"line":45,"column":4},"end":{"line":45,"column":57}},"6":{"start":{"line":46,"column":4},"end":{"line":46,"column":59}},"7":{"start":{"line":49,"column":4},"end":{"line":53,"column":69}},"8":{"start":{"line":58,"column":4},"end":{"line":58,"column":77}},"9":{"start":{"line":59,"column":4},"end":{"line":59,"column":78}},"10":{"start":{"line":62,"column":4},"end":{"line":62,"column":25}},"11":{"start":{"line":66,"column":4},"end":{"line":75,"column":7}},"12":{"start":{"line":67,"column":6},"end":{"line":74,"column":8}},"13":{"start":{"line":80,"column":4},"end":{"line":80,"column":29}},"14":{"start":{"line":83,"column":4},"end":{"line":83,"column":27}},"15":{"start":{"line":86,"column":4},"end":{"line":86,"column":28}},"16":{"start":{"line":89,"column":4},"end":{"line":89,"column":28}},"17":{"start":{"line":91,"column":17},"end":{"line":91,"column":21}},"18":{"start":{"line":94,"column":22},"end":{"line":144,"column":6}},"19":{"start":{"line":95,"column":18},"end":{"line":95,"column":23}},"20":{"start":{"line":98,"column":6},"end":{"line":104,"column":7}},"21":{"start":{"line":99,"column":8},"end":{"line":99,"column":32}},"22":{"start":{"line":100,"column":8},"end":{"line":100,"column":14}},"23":{"start":{"line":101,"column":13},"end":{"line":104,"column":7}},"24":{"start":{"line":102,"column":8},"end":{"line":102,"column":28}},"25":{"start":{"line":103,"column":8},"end":{"line":103,"column":31}},"26":{"start":{"line":106,"column":6},"end":{"line":143,"column":7}},"27":{"start":{"line":109,"column":26},"end":{"line":109,"column":47}},"28":{"start":{"line":111,"column":8},"end":{"line":111,"column":19}},"29":{"start":{"line":113,"column":8},"end":{"line":113,"column":48}},"30":{"start":{"line":115,"column":26},"end":{"line":115,"column":67}},"31":{"start":{"line":117,"column":39},"end":{"line":120,"column":9}},"32":{"start":{"line":122,"column":30},"end":{"line":125,"column":9}},"33":{"start":{"line":126,"column":8},"end":{"line":136,"column":12}},"34":{"start":{"line":129,"column":12},"end":{"line":131,"column":13}},"35":{"start":{"line":130,"column":14},"end":{"line":130,"column":27}},"36":{"start":{"line":132,"column":12},"end":{"line":132,"column":27}},"37":{"start":{"line":135,"column":12},"end":{"line":135,"column":60}},"38":{"start":{"line":138,"column":8},"end":{"line":140,"column":11}},"39":{"start":{"line":139,"column":10},"end":{"line":139,"column":40}},"40":{"start":{"line":141,"column":8},"end":{"line":141,"column":48}},"41":{"start":{"line":142,"column":8},"end":{"line":142,"column":67}},"42":{"start":{"line":148,"column":4},"end":{"line":165,"column":5}},"43":{"start":{"line":149,"column":6},"end":{"line":149,"column":38}},"44":{"start":{"line":153,"column":6},"end":{"line":164,"column":25}},"45":{"start":{"line":160,"column":10},"end":{"line":160,"column":39}},"46":{"start":{"line":161,"column":10},"end":{"line":161,"column":39}},"47":{"start":{"line":162,"column":10},"end":{"line":162,"column":51}},"48":{"start":{"line":167,"column":4},"end":{"line":173,"column":38}},"49":{"start":{"line":170,"column":30},"end":{"line":170,"column":40}},"50":{"start":{"line":173,"column":27},"end":{"line":173,"column":36}},"51":{"start":{"line":175,"column":4},"end":{"line":187,"column":44}},"52":{"start":{"line":177,"column":22},"end":{"line":177,"column":38}},"53":{"start":{"line":179,"column":8},"end":{"line":179,"column":72}},"54":{"start":{"line":182,"column":8},"end":{"line":184,"column":9}},"55":{"start":{"line":183,"column":10},"end":{"line":183,"column":23}},"56":{"start":{"line":185,"column":8},"end":{"line":185,"column":23}},"57":{"start":{"line":191,"column":4},"end":{"line":204,"column":9}},"58":{"start":{"line":196,"column":31},"end":{"line":196,"column":58}},"59":{"start":{"line":201,"column":8},"end":{"line":201,"column":37}},"60":{"start":{"line":202,"column":8},"end":{"line":202,"column":37}},"61":{"start":{"line":203,"column":8},"end":{"line":203,"column":49}},"62":{"start":{"line":209,"column":4},"end":{"line":212,"column":8}},"63":{"start":{"line":209,"column":62},"end":{"line":212,"column":5}},"64":{"start":{"line":215,"column":4},"end":{"line":217,"column":34}},"65":{"start":{"line":216,"column":16},"end":{"line":216,"column":32}},"66":{"start":{"line":217,"column":16},"end":{"line":217,"column":32}},"67":{"start":{"line":220,"column":4},"end":{"line":224,"column":28}},"68":{"start":{"line":229,"column":4},"end":{"line":229,"column":67}},"69":{"start":{"line":232,"column":4},"end":{"line":236,"column":29}},"70":{"start":{"line":240,"column":4},"end":{"line":246,"column":35}},"71":{"start":{"line":250,"column":4},"end":{"line":255,"column":40}},"72":{"start":{"line":257,"column":4},"end":{"line":262,"column":40}}},"fnMap":{"0":{"name":"(anonymous_0)","decl":{"start":{"line":34,"column":2},"end":{"line":34,"column":3}},"loc":{"start":{"line":34,"column":28},"end":{"line":39,"column":3}},"line":34},"1":{"name":"(anonymous_1)","decl":{"start":{"line":41,"column":2},"end":{"line":41,"column":3}},"loc":{"start":{"line":41,"column":9},"end":{"line":63,"column":3}},"line":41},"2":{"name":"(anonymous_2)","decl":{"start":{"line":65,"column":2},"end":{"line":65,"column":3}},"loc":{"start":{"line":65,"column":18},"end":{"line":76,"column":3}},"line":65},"3":{"name":"(anonymous_3)","decl":{"start":{"line":66,"column":30},"end":{"line":66,"column":31}},"loc":{"start":{"line":66,"column":41},"end":{"line":75,"column":5}},"line":66},"4":{"name":"(anonymous_4)","decl":{"start":{"line":78,"column":2},"end":{"line":78,"column":3}},"loc":{"start":{"line":78,"column":11},"end":{"line":188,"column":3}},"line":78},"5":{"name":"(anonymous_5)","decl":{"start":{"line":94,"column":40},"end":{"line":94,"column":41}},"loc":{"start":{"line":94,"column":56},"end":{"line":144,"column":5}},"line":94},"6":{"name":"(anonymous_6)","decl":{"start":{"line":128,"column":32},"end":{"line":128,"column":33}},"loc":{"start":{"line":128,"column":38},"end":{"line":133,"column":11}},"line":128},"7":{"name":"(anonymous_7)","decl":{"start":{"line":134,"column":21},"end":{"line":134,"column":22}},"loc":{"start":{"line":135,"column":12},"end":{"line":135,"column":60}},"line":135},"8":{"name":"(anonymous_8)","decl":{"start":{"line":138,"column":34},"end":{"line":138,"column":35}},"loc":{"start":{"line":138,"column":40},"end":{"line":140,"column":9}},"line":138},"9":{"name":"(anonymous_9)","decl":{"start":{"line":159,"column":27},"end":{"line":159,"column":28}},"loc":{"start":{"line":159,"column":37},"end":{"line":163,"column":9}},"line":159},"10":{"name":"(anonymous_10)","decl":{"start":{"line":170,"column":20},"end":{"line":170,"column":21}},"loc":{"start":{"line":170,"column":30},"end":{"line":170,"column":40}},"line":170},"11":{"name":"(anonymous_11)","decl":{"start":{"line":173,"column":17},"end":{"line":173,"column":18}},"loc":{"start":{"line":173,"column":27},"end":{"line":173,"column":36}},"line":173},"12":{"name":"(anonymous_12)","decl":{"start":{"line":177,"column":12},"end":{"line":177,"column":13}},"loc":{"start":{"line":177,"column":22},"end":{"line":177,"column":38}},"line":177},"13":{"name":"(anonymous_13)","decl":{"start":{"line":178,"column":17},"end":{"line":178,"column":18}},"loc":{"start":{"line":179,"column":8},"end":{"line":179,"column":72}},"line":179},"14":{"name":"(anonymous_14)","decl":{"start":{"line":181,"column":28},"end":{"line":181,"column":29}},"loc":{"start":{"line":181,"column":38},"end":{"line":186,"column":7}},"line":181},"15":{"name":"(anonymous_15)","decl":{"start":{"line":190,"column":2},"end":{"line":190,"column":3}},"loc":{"start":{"line":190,"column":21},"end":{"line":205,"column":3}},"line":190},"16":{"name":"(anonymous_16)","decl":{"start":{"line":196,"column":20},"end":{"line":196,"column":21}},"loc":{"start":{"line":196,"column":31},"end":{"line":196,"column":58}},"line":196},"17":{"name":"(anonymous_17)","decl":{"start":{"line":200,"column":25},"end":{"line":200,"column":26}},"loc":{"start":{"line":200,"column":35},"end":{"line":204,"column":7}},"line":200},"18":{"name":"(anonymous_18)","decl":{"start":{"line":207,"column":2},"end":{"line":207,"column":3}},"loc":{"start":{"line":207,"column":20},"end":{"line":225,"column":3}},"line":207},"19":{"name":"(anonymous_19)","decl":{"start":{"line":209,"column":54},"end":{"line":209,"column":55}},"loc":{"start":{"line":209,"column":62},"end":{"line":212,"column":5}},"line":209},"20":{"name":"(anonymous_20)","decl":{"start":{"line":216,"column":9},"end":{"line":216,"column":10}},"loc":{"start":{"line":216,"column":16},"end":{"line":216,"column":32}},"line":216},"21":{"name":"(anonymous_21)","decl":{"start":{"line":217,"column":9},"end":{"line":217,"column":10}},"loc":{"start":{"line":217,"column":16},"end":{"line":217,"column":32}},"line":217},"22":{"name":"(anonymous_22)","decl":{"start":{"line":227,"column":2},"end":{"line":227,"column":3}},"loc":{"start":{"line":227,"column":34},"end":{"line":237,"column":3}},"line":227},"23":{"name":"(anonymous_23)","decl":{"start":{"line":239,"column":2},"end":{"line":239,"column":3}},"loc":{"start":{"line":239,"column":21},"end":{"line":247,"column":3}},"line":239},"24":{"name":"(anonymous_24)","decl":{"start":{"line":249,"column":2},"end":{"line":249,"column":3}},"loc":{"start":{"line":249,"column":21},"end":{"line":263,"column":3}},"line":249}},"branchMap":{"0":{"loc":{"start":{"line":73,"column":14},"end":{"line":73,"column":42}},"type":"cond-expr","locations":[{"start":{"line":73,"column":27},"end":{"line":73,"column":37}},{"start":{"line":73,"column":40},"end":{"line":73,"column":42}}],"line":73},"1":{"loc":{"start":{"line":98,"column":6},"end":{"line":104,"column":7}},"type":"if","locations":[{"start":{"line":98,"column":6},"end":{"line":104,"column":7}},{"start":{"line":98,"column":6},"end":{"line":104,"column":7}}],"line":98},"2":{"loc":{"start":{"line":101,"column":13},"end":{"line":104,"column":7}},"type":"if","locations":[{"start":{"line":101,"column":13},"end":{"line":104,"column":7}},{"start":{"line":101,"column":13},"end":{"line":104,"column":7}}],"line":101},"3":{"loc":{"start":{"line":106,"column":6},"end":{"line":143,"column":7}},"type":"if","locations":[{"start":{"line":106,"column":6},"end":{"line":143,"column":7}},{"start":{"line":106,"column":6},"end":{"line":143,"column":7}}],"line":106},"4":{"loc":{"start":{"line":129,"column":12},"end":{"line":131,"column":13}},"type":"if","locations":[{"start":{"line":129,"column":12},"end":{"line":131,"column":13}},{"start":{"line":129,"column":12},"end":{"line":131,"column":13}}],"line":129},"5":{"loc":{"start":{"line":148,"column":4},"end":{"line":165,"column":5}},"type":"if","locations":[{"start":{"line":148,"column":4},"end":{"line":165,"column":5}},{"start":{"line":148,"column":4},"end":{"line":165,"column":5}}],"line":148},"6":{"loc":{"start":{"line":182,"column":8},"end":{"line":184,"column":9}},"type":"if","locations":[{"start":{"line":182,"column":8},"end":{"line":184,"column":9}},{"start":{"line":182,"column":8},"end":{"line":184,"column":9}}],"line":182},"7":{"loc":{"start":{"line":196,"column":31},"end":{"line":196,"column":58}},"type":"cond-expr","locations":[{"start":{"line":196,"column":43},"end":{"line":196,"column":52}},{"start":{"line":196,"column":55},"end":{"line":196,"column":58}}],"line":196},"8":{"loc":{"start":{"line":227,"column":19},"end":{"line":227,"column":32}},"type":"default-arg","locations":[{"start":{"line":227,"column":31},"end":{"line":227,"column":32}}],"line":227}},"s":{"0":1,"1":7,"2":7,"3":7,"4":7,"5":7,"6":7,"7":7,"8":7,"9":7,"10":7,"11":7,"12":21,"13":4,"14":4,"15":4,"16":4,"17":4,"18":4,"19":0,"20":0,"21":0,"22":0,"23":0,"24":0,"25":0,"26":0,"27":0,"28":0,"29":0,"30":0,"31":0,"32":0,"33":0,"34":0,"35":0,"36":0,"37":0,"38":0,"39":0,"40":0,"41":0,"42":4,"43":0,"44":4,"45":12,"46":12,"47":12,"48":4,"49":12,"50":12,"51":4,"52":12,"53":12,"54":12,"55":4,"56":8,"57":0,"58":0,"59":0,"60":0,"61":0,"62":4,"63":4000,"64":4,"65":4000,"66":4000,"67":4,"68":4,"69":4,"70":4,"71":4,"72":4},"f":{"0":7,"1":7,"2":7,"3":21,"4":4,"5":0,"6":0,"7":0,"8":0,"9":12,"10":12,"11":12,"12":12,"13":12,"14":12,"15":0,"16":0,"17":0,"18":4,"19":4000,"20":4000,"21":4000,"22":4,"23":4,"24":4},"b":{"0":[21,0],"1":[0,0],"2":[0,0],"3":[0,0],"4":[0,0],"5":[0,4],"6":[4,8],"7":[0,0],"8":[0]},"_coverageSchema":"1a1c01bbd47fc00a2c39e90264f33305004495a9","hash":"57ce7f23de32ecf94d47cf039bb72b1e78ad5da4"}
}
