TN:
SF:src\helpers.js
FN:4,(anonymous_0)
FN:10,(anonymous_1)
FN:14,(anonymous_2)
FN:16,(anonymous_3)
FN:21,(anonymous_4)
FNF:5
FNH:5
FNDA:4028,(anonymous_0)
FNDA:4,(anonymous_1)
FNDA:29,(anonymous_2)
FNDA:14,(anonymous_3)
FNDA:4,(anonymous_4)
DA:4,2
DA:5,4028
DA:10,2
DA:11,4
DA:14,29
DA:16,2
DA:17,14
DA:18,14
DA:21,4
LF:9
LH:9
BRDA:14,0,0,29
BRDA:14,0,1,11
BRDA:18,1,0,5
BRDA:18,1,1,9
BRF:4
BRH:4
end_of_record
TN:
SF:src\index.js
FN:34,(anonymous_0)
FN:41,(anonymous_1)
FN:65,(anonymous_2)
FN:66,(anonymous_3)
FN:78,(anonymous_4)
FN:94,(anonymous_5)
FN:128,(anonymous_6)
FN:134,(anonymous_7)
FN:138,(anonymous_8)
FN:159,(anonymous_9)
FN:170,(anonymous_10)
FN:173,(anonymous_11)
FN:177,(anonymous_12)
FN:178,(anonymous_13)
FN:181,(anonymous_14)
FN:190,(anonymous_15)
FN:196,(anonymous_16)
FN:200,(anonymous_17)
FN:207,(anonymous_18)
FN:209,(anonymous_19)
FN:216,(anonymous_20)
FN:217,(anonymous_21)
FN:227,(anonymous_22)
FN:239,(anonymous_23)
FN:249,(anonymous_24)
FNF:25
FNH:18
FNDA:7,(anonymous_0)
FNDA:7,(anonymous_1)
FNDA:7,(anonymous_2)
FNDA:21,(anonymous_3)
FNDA:4,(anonymous_4)
FNDA:0,(anonymous_5)
FNDA:0,(anonymous_6)
FNDA:0,(anonymous_7)
FNDA:0,(anonymous_8)
FNDA:12,(anonymous_9)
FNDA:12,(anonymous_10)
FNDA:12,(anonymous_11)
FNDA:12,(anonymous_12)
FNDA:12,(anonymous_13)
FNDA:12,(anonymous_14)
FNDA:0,(anonymous_15)
FNDA:0,(anonymous_16)
FNDA:0,(anonymous_17)
FNDA:4,(anonymous_18)
FNDA:4000,(anonymous_19)
FNDA:4000,(anonymous_20)
FNDA:4000,(anonymous_21)
FNDA:4,(anonymous_22)
FNDA:4,(anonymous_23)
FNDA:4,(anonymous_24)
DA:20,1
DA:35,7
DA:37,7
DA:38,7
DA:42,7
DA:45,7
DA:46,7
DA:49,7
DA:58,7
DA:59,7
DA:62,7
DA:66,7
DA:67,21
DA:80,4
DA:83,4
DA:86,4
DA:89,4
DA:91,4
DA:94,4
DA:95,0
DA:98,0
DA:99,0
DA:100,0
DA:101,0
DA:102,0
DA:103,0
DA:106,0
DA:109,0
DA:111,0
DA:113,0
DA:115,0
DA:117,0
DA:122,0
DA:126,0
DA:129,0
DA:130,0
DA:132,0
DA:135,0
DA:138,0
DA:139,0
DA:141,0
DA:142,0
DA:148,4
DA:149,0
DA:153,4
DA:160,12
DA:161,12
DA:162,12
DA:167,4
DA:170,12
DA:173,12
DA:175,4
DA:177,12
DA:179,12
DA:182,12
DA:183,4
DA:185,8
DA:191,0
DA:196,0
DA:201,0
DA:202,0
DA:203,0
DA:209,4000
DA:215,4
DA:216,4000
DA:217,4000
DA:220,4
DA:229,4
DA:232,4
DA:240,4
DA:250,4
DA:257,4
LF:72
LH:43
BRDA:73,0,0,21
BRDA:73,0,1,0
BRDA:98,1,0,0
BRDA:98,1,1,0
BRDA:101,2,0,0
BRDA:101,2,1,0
BRDA:106,3,0,0
BRDA:106,3,1,0
BRDA:129,4,0,0
BRDA:129,4,1,0
BRDA:148,5,0,0
BRDA:148,5,1,4
BRDA:182,6,0,4
BRDA:182,6,1,8
BRDA:196,7,0,0
BRDA:196,7,1,0
BRDA:227,8,0,0
BRF:17
BRH:4
end_of_record
